[0220/153932.347:ERROR:net\disk_cache\cache_util_win.cc:25] Unable to move the cache: Access is denied. (0x5)
[0220/153932.351:ERROR:net\disk_cache\cache_util_win.cc:25] Unable to move the cache: Access is denied. (0x5)
[0220/153932.352:ERROR:net\disk_cache\disk_cache.cc:272] Unable to create cache
[0220/153932.352:ERROR:gpu\ipc\host\gpu_disk_cache.cc:725] Gpu Cache Creation failed: -2
[0220/153932.352:ERROR:net\disk_cache\disk_cache.cc:272] Unable to create cache
[0220/153932.352:ERROR:gpu\ipc\host\gpu_disk_cache.cc:725] Gpu Cache Creation failed: -2
[0220/153932.353:ERROR:net\disk_cache\cache_util_win.cc:25] Unable to move the cache: Access is denied. (0x5)
[0220/153932.355:ERROR:net\disk_cache\disk_cache.cc:272] Unable to create cache
[0220/153932.355:ERROR:gpu\ipc\host\gpu_disk_cache.cc:725] Gpu Cache Creation failed: -2
[0220/153934.378:WARNING:components\leveldb_proto\internal\leveldb_database.cc:124] Unable to open C:\Users\madhukumari\OneDrive - Nagarro\Documents\linkdin\linkedin_session\Default\shared_proto_db\metadata: IO error: C:\Users\madhukumari\OneDrive - Nagarro\Documents\linkdin\linkedin_session\Default\shared_proto_db\metadata/LOCK: Access denied. (ChromeMethodBFE: 15::LockFile::5)
[0220/153935.300:ERROR:components\services\storage\service_worker\service_worker_storage.cc:1808] Failed to delete the database: Database IO error
[0220/153936.409:WARNING:components\leveldb_proto\internal\leveldb_database.cc:124] Unable to open C:\Users\madhukumari\OneDrive - Nagarro\Documents\linkdin\linkedin_session\Default\shared_proto_db\metadata: IO error: C:\Users\madhukumari\OneDrive - Nagarro\Documents\linkdin\linkedin_session\Default\shared_proto_db\metadata/LOCK: Access denied. (ChromeMethodBFE: 15::LockFile::5)
[0220/153936.564:INFO:CONSOLE:100] "<link rel=preload> must have a valid `as` value", source: https://www.linkedin.com/uas/login?session_redirect=https%3A%2F%2Fwww.linkedin.com%2Ffeed%2F (100)
[0220/153936.565:INFO:CONSOLE:101] "<link rel=preload> must have a valid `as` value", source: https://www.linkedin.com/uas/login?session_redirect=https%3A%2F%2Fwww.linkedin.com%2Ffeed%2F (101)
[0220/153936.565:INFO:CONSOLE:102] "<link rel=preload> must have a valid `as` value", source: https://www.linkedin.com/uas/login?session_redirect=https%3A%2F%2Fwww.linkedin.com%2Ffeed%2F (102)
[0220/153936.565:INFO:CONSOLE:103] "<link rel=preload> must have a valid `as` value", source: https://www.linkedin.com/uas/login?session_redirect=https%3A%2F%2Fwww.linkedin.com%2Ffeed%2F (103)
[0220/153936.565:INFO:CONSOLE:106] "<link rel=preload> must have a valid `as` value", source: https://www.linkedin.com/uas/login?session_redirect=https%3A%2F%2Fwww.linkedin.com%2Ffeed%2F (106)
[0220/153936.565:INFO:CONSOLE:107] "<link rel=preload> must have a valid `as` value", source: https://www.linkedin.com/uas/login?session_redirect=https%3A%2F%2Fwww.linkedin.com%2Ffeed%2F (107)
[0220/153937.236:ERROR:content\public\browser\web_contents_delegate.cc:302] WebContentsDelegate::CheckMediaAccessPermission: Not supported.
[0220/153937.236:ERROR:content\public\browser\web_contents_delegate.cc:302] WebContentsDelegate::CheckMediaAccessPermission: Not supported.
[0220/153937.722:ERROR:content\public\browser\web_contents_delegate.cc:302] WebContentsDelegate::CheckMediaAccessPermission: Not supported.
[0220/153937.723:ERROR:content\public\browser\web_contents_delegate.cc:302] WebContentsDelegate::CheckMediaAccessPermission: Not supported.
[0220/153937.827:ERROR:content\public\browser\web_contents_delegate.cc:302] WebContentsDelegate::CheckMediaAccessPermission: Not supported.
[0220/153937.827:ERROR:content\public\browser\web_contents_delegate.cc:302] WebContentsDelegate::CheckMediaAccessPermission: Not supported.
[0220/153937.927:ERROR:content\public\browser\web_contents_delegate.cc:302] WebContentsDelegate::CheckMediaAccessPermission: Not supported.
[0220/153937.927:ERROR:content\public\browser\web_contents_delegate.cc:302] WebContentsDelegate::CheckMediaAccessPermission: Not supported.
[0220/153938.059:ERROR:content\public\browser\web_contents_delegate.cc:302] WebContentsDelegate::CheckMediaAccessPermission: Not supported.
[0220/153938.060:ERROR:content\public\browser\web_contents_delegate.cc:302] WebContentsDelegate::CheckMediaAccessPermission: Not supported.
[0220/153938.177:INFO:CONSOLE:0] "[.WebGL-0x495c02baa900]GL Driver Message (OpenGL, Performance, GL_CLOSE_PATH_NV, High): GPU stall due to ReadPixels", source: https://www.linkedin.com/uas/login?session_redirect=https%3A%2F%2Fwww.linkedin.com%2Ffeed%2F (0)
[0220/153938.202:INFO:CONSOLE:0] "[.WebGL-0x495c02172900]GL Driver Message (OpenGL, Performance, GL_CLOSE_PATH_NV, High): GPU stall due to ReadPixels", source: https://www.linkedin.com/uas/login?session_redirect=https%3A%2F%2Fwww.linkedin.com%2Ffeed%2F (0)
[0220/153938.203:INFO:CONSOLE:0] "[.WebGL-0x495c03837800]GL Driver Message (OpenGL, Performance, GL_CLOSE_PATH_NV, High): GPU stall due to ReadPixels", source: https://www.linkedin.com/uas/login?session_redirect=https%3A%2F%2Fwww.linkedin.com%2Ffeed%2F (0)
[0220/153938.205:INFO:CONSOLE:0] "[.WebGL-0x495c03839b00]GL Driver Message (OpenGL, Performance, GL_CLOSE_PATH_NV, High): GPU stall due to ReadPixels (this message will no longer repeat)", source: https://www.linkedin.com/uas/login?session_redirect=https%3A%2F%2Fwww.linkedin.com%2Ffeed%2F (0)
[0220/153938.436:WARNING:components\leveldb_proto\internal\leveldb_database.cc:124] Unable to open C:\Users\madhukumari\OneDrive - Nagarro\Documents\linkdin\linkedin_session\Default\shared_proto_db\metadata: IO error: C:\Users\madhukumari\OneDrive - Nagarro\Documents\linkdin\linkedin_session\Default\shared_proto_db\metadata/LOCK: Access denied. (ChromeMethodBFE: 15::LockFile::5)
[0220/153939.748:ERROR:content\browser\indexed_db\instance\leveldb\backing_store.cc:250] Failed to open LevelDB database from C:\Users\madhukumari\OneDrive - Nagarro\Documents\linkdin\linkedin_session\Default\IndexedDB\https_www.linkedin.com_0.indexeddb.leveldb,IO error: C:\Users\madhukumari\OneDrive - Nagarro\Documents\linkdin\linkedin_session\Default\IndexedDB\https_www.linkedin.com_0.indexeddb.leveldb/LOCK: Access denied. (ChromeMethodBFE: 15::LockFile::5)
[0220/153940.465:WARNING:components\leveldb_proto\internal\leveldb_database.cc:124] Unable to open C:\Users\madhukumari\OneDrive - Nagarro\Documents\linkdin\linkedin_session\Default\shared_proto_db\metadata: IO error: C:\Users\madhukumari\OneDrive - Nagarro\Documents\linkdin\linkedin_session\Default\shared_proto_db\metadata/LOCK: Access denied. (ChromeMethodBFE: 15::LockFile::5)
[0220/153941.764:ERROR:content\browser\indexed_db\instance\leveldb\backing_store.cc:250] Failed to open LevelDB database from C:\Users\madhukumari\OneDrive - Nagarro\Documents\linkdin\linkedin_session\Default\IndexedDB\https_www.linkedin.com_0.indexeddb.leveldb,IO error: C:\Users\madhukumari\OneDrive - Nagarro\Documents\linkdin\linkedin_session\Default\IndexedDB\https_www.linkedin.com_0.indexeddb.leveldb/LOCK: Access denied. (ChromeMethodBFE: 15::LockFile::5)
[0220/153942.782:INFO:CONSOLE:169] "[GSI_LOGGER]: Your client application may not display the Google One Tap in its default position. When FedCM becomes mandatory, One Tap only displays in the default position. Refer to the migration guide to update your code accordingly and opt-in to FedCM to test your changes. Learn more: https://developers.google.com/identity/gsi/web/guides/fedcm-migration?s=dc#layout", source: https://static.licdn.com/sc/h/aofke6z5sqc44bjlvj6yr05c8 (169)
[0220/153942.782:INFO:CONSOLE:169] "[GSI_LOGGER]: Your client application uses one of the Google One Tap prompt UI status methods that may stop functioning when FedCM becomes mandatory. Refer to the migration guide to update your code accordingly and opt-in to FedCM to test your changes. Learn more: https://developers.google.com/identity/gsi/web/guides/fedcm-migration?s=dc#display_moment and https://developers.google.com/identity/gsi/web/guides/fedcm-migration?s=dc#skipped_moment", source: https://static.licdn.com/sc/h/aofke6z5sqc44bjlvj6yr05c8 (169)
[0220/153942.788:INFO:CONSOLE:169] "[GSI_LOGGER]: Currently, you disable FedCM on Google One Tap. FedCM for One Tap will become mandatory starting Oct 2024, and you won’t be able to disable it. Refer to the migration guide to update your code accordingly to ensure users will not be blocked from logging in. Learn more: https://developers.google.com/identity/gsi/web/guides/fedcm-migration", source: https://static.licdn.com/sc/h/aofke6z5sqc44bjlvj6yr05c8 (169)
[0220/153943.258:INFO:CONSOLE:2] "%c ", source: https://client.protechts.net/PXdOjV695v/main.min.js (2)
[0220/153943.417:INFO:CONSOLE:8] "TMS load event sent successfully: ", source: https://static.licdn.com/sc/h/cyu2si00e7hmrsgmy7p1aw87j (8)
[0220/153943.590:INFO:CONSOLE:8] "External tag load event sent successfully: ", source: https://static.licdn.com/sc/h/cyu2si00e7hmrsgmy7p1aw87j (8)
[0220/153944.229:ERROR:content\public\browser\web_contents_delegate.cc:302] WebContentsDelegate::CheckMediaAccessPermission: Not supported.
[0220/153944.229:ERROR:content\public\browser\web_contents_delegate.cc:302] WebContentsDelegate::CheckMediaAccessPermission: Not supported.
[0220/153945.508:ERROR:content\browser\indexed_db\instance\leveldb\backing_store.cc:250] Failed to open LevelDB database from C:\Users\madhukumari\OneDrive - Nagarro\Documents\linkdin\linkedin_session\Default\IndexedDB\https_www.linkedin.com_0.indexeddb.leveldb,IO error: C:\Users\madhukumari\OneDrive - Nagarro\Documents\linkdin\linkedin_session\Default\IndexedDB\https_www.linkedin.com_0.indexeddb.leveldb/LOCK: Access denied. (ChromeMethodBFE: 15::LockFile::5)
[0220/153947.550:ERROR:content\browser\indexed_db\instance\leveldb\backing_store.cc:250] Failed to open LevelDB database from C:\Users\madhukumari\OneDrive - Nagarro\Documents\linkdin\linkedin_session\Default\IndexedDB\https_www.linkedin.com_0.indexeddb.leveldb,IO error: C:\Users\madhukumari\OneDrive - Nagarro\Documents\linkdin\linkedin_session\Default\IndexedDB\https_www.linkedin.com_0.indexeddb.leveldb/LOCK: Access denied. (ChromeMethodBFE: 15::LockFile::5)
